TN:
SF:/src/contracts/Lottery.sol
DA:6,0
DA:23,1
DA:24,21
DA:25,6
DA:26,6
DA:27,6
DA:28,6
DA:29,21
DA:32,8
DA:33,7
DA:34,6
DA:35,15
DA:36,15
DA:39,22
DA:40,7
DA:41,26
DA:42,32
DA:44,23
DA:45,38
DA:48,18
DA:49,7
DA:50,8
DA:51,25
DA:52,0
DA:53,0
DA:54,0
DA:56,0
DA:57,0
DA:58,0
DA:61,0
DA:62,0
DA:63,0
DA:64,0
DA:66,0
DA:67,0
DA:68,0
DA:71,0
DA:72,0
DA:74,0
DA:75,0
DA:76,0
DA:77,0
DA:78,0
DA:79,0
DA:82,0
DA:84,0
DA:85,0
DA:86,0
DA:89,0
DA:90,0
end_of_record

SF:/src/contracts/Taxpayer.sol
DA:5,0
DA:19,1
DA:21,0
DA:30,2
DA:31,6
DA:32,21
DA:33,21
DA:34,21
DA:35,21
DA:36,6
DA:37,5
DA:38,21
DA:42,0
DA:43,0
DA:44,0
DA:45,0
DA:47,0
DA:49,0
DA:50,0
DA:52,0
DA:53,0
DA:55,0
DA:59,0
DA:60,0
DA:61,0
DA:62,0
DA:64,0
DA:65,0
DA:68,0
DA:69,0
DA:72,0
DA:73,0
DA:74,0
DA:75,0
DA:79,0
DA:80,0
DA:81,0
DA:82,0
DA:84,0
DA:86,0
DA:87,0
DA:89,0
DA:91,0
DA:93,0
DA:94,0
DA:95,0
DA:99,0
DA:100,0
DA:101,0
DA:103,0
DA:104,0
DA:106,0
DA:109,0
DA:110,0
DA:114,0
DA:115,0
DA:116,0
DA:117,0
DA:118,0
DA:120,0
DA:121,0
DA:124,0
DA:126,0
DA:127,0
DA:129,0
DA:131,0
DA:134,0
DA:135,0
DA:136,0
DA:140,0
DA:141,0
DA:143,0
DA:144,0
DA:145,0
DA:147,0
DA:151,0
DA:152,0
DA:156,0
DA:157,0
DA:161,24
DA:162,4
DA:163,87
DA:164,6
DA:168,18
DA:169,4
DA:170,54
DA:171,0
DA:175,0
DA:176,0
DA:179,0
DA:180,0
end_of_record

SF:/src/tests/echidna/Echidna_Lottery.sol
DA:7,85
DA:16,7
DA:17,50
DA:18,52
DA:19,52
DA:20,52
DA:23,7
DA:24,11
DA:25,24
DA:26,24
DA:27,14
DA:30,23
DA:31,73
DA:32,55
DA:35,25
DA:36,8
DA:37,77
DA:38,23
DA:39,72
DA:42,23
DA:43,8
DA:44,77
DA:46,22
DA:47,87
DA:49,67
DA:52,23
DA:53,74
DA:54,74
DA:55,0
DA:58,0
DA:59,0
DA:60,0
DA:61,0
DA:62,0
DA:63,0
DA:64,0
DA:66,0
DA:69,0
DA:70,0
DA:71,0
DA:72,0
DA:73,0
DA:74,0
DA:77,0
DA:78,0
DA:79,0
DA:80,0
DA:81,0
DA:82,0
DA:85,0
end_of_record

SF:/src/tests/echidna/LotteryHarness.sol
DA:6,93
DA:7,32
DA:9,28
DA:10,0
DA:11,28
DA:13,60
DA:14,0
DA:15,31
DA:16,0
end_of_record

SF:/src/tests/echidna/TaxpayerHarness.sol
DA:6,64
DA:7,34
DA:9,0
DA:10,0
DA:14,0
DA:15,0
DA:19,0
DA:20,0
end_of_record

