TN:
SF:/src/contracts/Lottery.sol
DA:6,113
DA:22,0
DA:23,0
DA:27,31
DA:28,6
DA:29,21
DA:30,26
DA:33,2
DA:34,42
DA:35,26
DA:39,8
DA:40,30
DA:41,6
DA:42,15
DA:43,15
DA:44,26
DA:47,22
DA:48,4
DA:49,49
DA:50,19
DA:51,7
DA:52,32
DA:53,8
DA:54,23
DA:55,38
DA:58,18
DA:59,4
DA:60,49
DA:61,8
DA:62,25
DA:63,0
DA:64,0
DA:65,0
DA:67,0
DA:68,0
DA:69,0
DA:72,0
DA:73,0
DA:74,0
DA:75,0
DA:76,0
DA:78,0
DA:79,0
DA:80,0
DA:83,0
DA:84,0
DA:85,0
DA:87,0
DA:89,0
DA:90,0
DA:91,0
DA:92,0
DA:93,0
DA:94,0
DA:96,0
DA:98,0
DA:99,0
DA:100,0
DA:101,0
DA:104,0
DA:105,0
DA:108,28
DA:109,0
DA:110,28
DA:111,0
DA:113,60
DA:114,0
DA:115,31
DA:116,0
end_of_record

SF:/src/contracts/Taxpayer.sol
DA:6,0
DA:20,1
DA:22,0
DA:31,2
DA:32,6
DA:33,21
DA:34,21
DA:35,21
DA:36,21
DA:37,6
DA:38,5
DA:39,21
DA:43,0
DA:44,0
DA:45,0
DA:46,0
DA:48,0
DA:50,0
DA:51,0
DA:53,0
DA:54,0
DA:56,0
DA:60,0
DA:61,0
DA:62,0
DA:63,0
DA:65,0
DA:66,0
DA:69,0
DA:70,0
DA:73,0
DA:74,0
DA:75,0
DA:76,0
DA:80,0
DA:81,0
DA:82,0
DA:83,0
DA:85,0
DA:87,0
DA:88,0
DA:90,0
DA:92,0
DA:94,0
DA:95,0
DA:96,0
DA:100,0
DA:101,0
DA:102,0
DA:104,0
DA:105,0
DA:107,0
DA:110,0
DA:111,0
DA:115,0
DA:116,0
DA:117,0
DA:118,0
DA:119,0
DA:121,0
DA:122,0
DA:125,0
DA:127,0
DA:128,0
DA:130,0
DA:132,0
DA:135,0
DA:136,0
DA:137,0
DA:141,0
DA:142,0
DA:144,0
DA:145,0
DA:146,0
DA:148,0
DA:152,0
DA:153,0
DA:157,0
DA:158,0
DA:162,24
DA:163,4
DA:164,87
DA:165,6
DA:169,18
DA:170,4
DA:171,54
DA:172,0
DA:176,0
DA:177,0
DA:180,0
DA:181,0
end_of_record

SF:/src/tests/echidna/Echidna_Lottery.sol
DA:7,95
DA:16,7
DA:17,50
DA:18,52
DA:19,52
DA:20,52
DA:23,7
DA:24,11
DA:25,24
DA:26,24
DA:27,14
DA:30,23
DA:31,73
DA:32,57
DA:35,25
DA:36,8
DA:37,77
DA:38,23
DA:39,66
DA:42,25
DA:43,8
DA:44,77
DA:46,86
DA:48,22
DA:49,64
DA:52,23
DA:53,74
DA:54,74
DA:55,0
DA:58,0
DA:59,0
DA:60,0
DA:61,0
DA:62,0
DA:63,0
DA:64,0
DA:65,0
DA:67,0
DA:70,0
DA:71,0
DA:72,0
DA:73,0
DA:74,0
DA:75,0
DA:78,0
DA:79,0
DA:80,0
DA:81,0
DA:82,0
DA:83,0
DA:86,0
DA:89,0
DA:90,0
DA:92,0
DA:93,0
DA:94,0
DA:95,0
DA:98,0
DA:99,0
DA:100,0
DA:101,0
DA:104,0
DA:107,0
DA:108,0
DA:109,0
DA:111,0
DA:112,0
DA:115,0
end_of_record

SF:/src/tests/echidna/LotteryHarness.sol
DA:6,115
DA:7,32
end_of_record

SF:/src/tests/echidna/TaxpayerHarness.sol
DA:6,64
DA:7,34
DA:9,0
DA:10,0
DA:14,0
DA:15,0
DA:19,0
DA:20,0
end_of_record

