TN:
SF:/src/contracts/Lottery.sol
DA:10,103
DA:53,0
DA:56,0
DA:63,31
DA:64,6
DA:65,21
DA:66,26
DA:72,2
DA:73,42
DA:74,26
DA:80,8
DA:81,30
DA:83,6
DA:84,15
DA:85,15
DA:86,26
DA:93,22
DA:94,4
DA:96,49
DA:97,19
DA:98,7
DA:99,51
DA:100,8
DA:101,62
DA:102,64
DA:104,23
DA:105,38
DA:106,50
DA:113,18
DA:114,4
DA:116,49
DA:117,8
DA:118,25
DA:119,0
DA:120,0
DA:121,0
DA:122,0
DA:126,0
DA:127,0
DA:128,0
DA:134,0
DA:135,0
DA:137,0
DA:138,0
DA:139,0
DA:141,0
DA:142,0
DA:143,0
DA:146,0
DA:147,0
DA:148,0
DA:151,0
DA:154,0
DA:155,0
DA:156,0
DA:157,0
DA:158,0
DA:159,0
DA:162,0
DA:163,0
DA:165,0
DA:166,0
DA:167,0
DA:168,0
DA:173,0
DA:174,0
DA:178,24
DA:179,4
DA:183,0
DA:184,0
DA:188,24
DA:189,4
DA:193,0
DA:194,0
DA:198,39
DA:199,21
DA:203,0
DA:204,0
DA:208,0
DA:209,0
DA:213,0
DA:214,0
DA:218,0
DA:219,0
DA:223,0
DA:224,0
DA:228,24
DA:229,7
DA:233,0
DA:234,0
end_of_record

SF:/src/contracts/Taxpayer.sol
DA:11,0
DA:25,1
DA:27,0
DA:40,2
DA:41,6
DA:42,21
DA:43,21
DA:44,21
DA:45,21
DA:46,6
DA:47,5
DA:48,21
DA:56,0
DA:57,0
DA:58,0
DA:59,0
DA:61,0
DA:63,0
DA:64,0
DA:66,0
DA:67,0
DA:69,0
DA:76,0
DA:77,0
DA:78,0
DA:79,0
DA:81,0
DA:82,0
DA:85,0
DA:86,0
DA:89,0
DA:90,0
DA:91,0
DA:92,0
DA:98,0
DA:99,0
DA:100,0
DA:101,0
DA:103,0
DA:105,0
DA:106,0
DA:108,0
DA:110,0
DA:112,0
DA:113,0
DA:114,0
DA:121,0
DA:122,0
DA:123,0
DA:125,0
DA:126,0
DA:128,0
DA:133,0
DA:134,0
DA:142,0
DA:143,0
DA:144,0
DA:145,0
DA:146,0
DA:148,0
DA:149,0
DA:152,0
DA:154,0
DA:155,0
DA:157,0
DA:159,0
DA:164,0
DA:165,0
DA:166,0
DA:174,0
DA:175,0
DA:177,0
DA:178,0
DA:179,0
DA:181,0
DA:186,0
DA:187,0
DA:192,24
DA:193,4
DA:198,24
DA:199,12
DA:207,24
DA:208,4
DA:209,87
DA:210,6
DA:217,18
DA:218,4
DA:219,54
DA:220,0
DA:225,0
DA:226,0
DA:230,0
DA:231,0
end_of_record

SF:/src/tests/echidna/Echidna_Lottery.sol
DA:12,100
DA:26,7
DA:27,50
DA:28,52
DA:29,52
DA:30,52
DA:36,7
DA:37,11
DA:38,24
DA:39,24
DA:40,14
DA:45,23
DA:46,73
DA:47,57
DA:53,25
DA:54,8
DA:55,77
DA:56,23
DA:57,66
DA:62,25
DA:63,8
DA:64,77
DA:66,86
DA:68,22
DA:69,64
DA:74,23
DA:75,74
DA:76,74
DA:77,0
DA:82,0
DA:83,0
DA:84,0
DA:85,0
DA:86,0
DA:87,0
DA:88,0
DA:89,0
DA:91,0
DA:96,0
DA:97,0
DA:102,0
DA:103,0
DA:104,0
DA:105,0
DA:106,0
DA:107,0
DA:110,0
DA:115,0
DA:116,0
DA:118,0
DA:119,0
DA:120,0
DA:121,0
DA:124,0
DA:125,0
DA:126,0
DA:127,0
DA:130,0
DA:135,0
DA:136,0
DA:137,0
DA:138,0
DA:139,0
DA:140,0
DA:141,0
DA:142,0
DA:144,0
DA:149,0
DA:150,0
DA:151,0
DA:152,0
DA:153,0
DA:155,0
DA:160,0
DA:161,0
DA:162,0
DA:164,0
DA:165,0
DA:168,0
end_of_record

SF:/src/tests/echidna/LotteryHarness.sol
DA:11,105
DA:15,32
end_of_record

SF:/src/tests/echidna/TaxpayerHarness.sol
DA:9,105
DA:13,34
DA:17,0
DA:18,0
DA:23,0
DA:24,0
end_of_record

