TN:
SF:/src/contracts/Lottery.sol
DA:10,103
DA:53,0
DA:56,0
DA:63,31
DA:64,6
DA:65,21
DA:66,26
DA:72,2
DA:73,42
DA:74,26
DA:80,8
DA:81,30
DA:83,6
DA:84,15
DA:85,15
DA:86,26
DA:93,22
DA:94,4
DA:96,49
DA:97,19
DA:98,7
DA:99,51
DA:100,8
DA:102,23
DA:103,38
DA:104,50
DA:111,18
DA:112,4
DA:114,49
DA:115,8
DA:116,25
DA:117,0
DA:118,0
DA:119,0
DA:120,0
DA:124,0
DA:125,0
DA:126,0
DA:132,0
DA:133,0
DA:135,0
DA:136,0
DA:137,0
DA:139,0
DA:140,0
DA:141,0
DA:144,0
DA:145,0
DA:146,0
DA:149,0
DA:152,0
DA:153,0
DA:154,0
DA:155,0
DA:156,0
DA:157,0
DA:160,0
DA:161,0
DA:163,0
DA:164,0
DA:165,0
DA:166,0
DA:171,0
DA:172,0
DA:176,24
DA:177,4
DA:181,0
DA:182,0
DA:186,24
DA:187,4
DA:191,0
DA:192,0
DA:196,39
DA:197,21
DA:201,0
DA:202,0
DA:206,0
DA:207,0
DA:211,0
DA:212,0
DA:216,0
DA:217,0
DA:221,0
DA:222,0
DA:226,24
DA:227,7
DA:231,0
DA:232,0
end_of_record

SF:/src/contracts/Taxpayer.sol
DA:11,0
DA:25,1
DA:27,0
DA:40,2
DA:41,6
DA:42,21
DA:43,21
DA:44,21
DA:45,21
DA:46,6
DA:47,5
DA:48,21
DA:56,0
DA:57,0
DA:58,0
DA:59,0
DA:61,0
DA:63,0
DA:64,0
DA:66,0
DA:67,0
DA:69,0
DA:76,0
DA:77,0
DA:78,0
DA:79,0
DA:81,0
DA:82,0
DA:85,0
DA:86,0
DA:89,0
DA:90,0
DA:91,0
DA:92,0
DA:98,0
DA:99,0
DA:100,0
DA:101,0
DA:103,0
DA:105,0
DA:106,0
DA:108,0
DA:110,0
DA:112,0
DA:113,0
DA:114,0
DA:121,0
DA:122,0
DA:123,0
DA:125,0
DA:126,0
DA:128,0
DA:133,0
DA:134,0
DA:142,0
DA:143,0
DA:144,0
DA:145,0
DA:146,0
DA:148,0
DA:149,0
DA:152,0
DA:154,0
DA:155,0
DA:157,0
DA:159,0
DA:164,0
DA:165,0
DA:166,0
DA:174,0
DA:175,0
DA:177,0
DA:178,0
DA:179,0
DA:181,0
DA:186,0
DA:187,0
DA:193,0
DA:194,0
DA:202,24
DA:203,4
DA:204,87
DA:205,6
DA:212,18
DA:213,4
DA:214,54
DA:215,0
DA:220,0
DA:221,0
DA:225,0
DA:226,0
end_of_record

SF:/src/tests/echidna/Echidna_Lottery.sol
DA:11,100
DA:25,7
DA:26,50
DA:27,52
DA:28,52
DA:29,52
DA:35,7
DA:36,11
DA:37,24
DA:38,24
DA:39,14
DA:44,23
DA:45,73
DA:46,57
DA:52,25
DA:53,8
DA:54,77
DA:55,23
DA:56,66
DA:61,25
DA:62,8
DA:63,77
DA:65,86
DA:67,22
DA:68,64
DA:73,23
DA:74,74
DA:75,74
DA:76,0
DA:81,0
DA:82,0
DA:83,0
DA:84,0
DA:85,0
DA:86,0
DA:87,0
DA:88,0
DA:90,0
DA:95,0
DA:96,0
DA:97,0
DA:98,0
DA:99,0
DA:100,0
DA:105,0
DA:106,0
DA:107,0
DA:108,0
DA:109,0
DA:110,0
DA:113,0
DA:118,0
DA:119,0
DA:121,0
DA:122,0
DA:123,0
DA:124,0
DA:127,0
DA:128,0
DA:129,0
DA:130,0
DA:133,0
DA:138,0
DA:139,0
DA:145,0
DA:146,0
DA:147,0
DA:149,0
DA:150,0
DA:153,0
end_of_record

SF:/src/tests/echidna/LotteryHarness.sol
DA:11,105
DA:15,32
end_of_record

SF:/src/tests/echidna/TaxpayerHarness.sol
DA:9,64
DA:13,34
DA:17,0
DA:18,0
DA:23,0
DA:24,0
DA:29,0
DA:30,0
end_of_record

