TN:
SF:/src/contracts/Lottery.sol
DA:10,113
DA:53,0
DA:56,0
DA:59,0
DA:66,31
DA:67,6
DA:68,21
DA:69,26
DA:75,2
DA:76,42
DA:77,26
DA:83,8
DA:84,30
DA:86,6
DA:87,15
DA:88,15
DA:89,26
DA:96,22
DA:97,4
DA:99,49
DA:100,19
DA:101,7
DA:102,51
DA:103,8
DA:104,62
DA:105,64
DA:107,23
DA:108,38
DA:109,50
DA:116,22
DA:117,4
DA:119,49
DA:120,8
DA:121,26
DA:122,31
DA:123,32
DA:124,3
DA:125,49
DA:129,38
DA:130,23
DA:131,50
DA:137,10
DA:138,4
DA:140,30
DA:141,8
DA:142,10
DA:143,14
DA:145,4
DA:146,26
DA:147,53
DA:150,40
DA:151,21
DA:152,10
DA:153,10
DA:156,52
DA:159,27
DA:160,29
DA:161,21
DA:162,21
DA:163,30
DA:164,30
DA:167,8
DA:168,8
DA:170,6
DA:171,6
DA:172,6
DA:173,26
DA:178,24
DA:179,13
DA:183,24
DA:184,4
DA:188,0
DA:189,0
DA:193,24
DA:194,4
DA:198,0
DA:199,0
DA:203,39
DA:204,21
DA:208,0
DA:209,0
DA:213,0
DA:214,0
DA:218,0
DA:219,0
DA:223,24
DA:224,7
DA:228,0
DA:229,0
DA:233,24
DA:234,7
DA:238,0
DA:239,0
end_of_record

SF:/src/contracts/Taxpayer.sol
DA:11,0
DA:25,2
DA:27,0
DA:40,2
DA:41,6
DA:42,21
DA:43,21
DA:44,21
DA:45,21
DA:46,6
DA:47,5
DA:48,21
DA:56,0
DA:57,0
DA:58,0
DA:59,0
DA:61,0
DA:63,0
DA:64,0
DA:66,0
DA:67,0
DA:69,0
DA:76,0
DA:77,0
DA:78,0
DA:79,0
DA:80,0
DA:81,0
DA:83,0
DA:84,0
DA:87,4
DA:88,12
DA:91,0
DA:92,0
DA:93,0
DA:94,0
DA:100,0
DA:101,0
DA:102,0
DA:103,0
DA:105,0
DA:107,0
DA:108,0
DA:110,0
DA:112,0
DA:114,0
DA:115,0
DA:116,0
DA:123,0
DA:124,0
DA:125,0
DA:127,0
DA:128,0
DA:130,0
DA:135,0
DA:136,0
DA:144,0
DA:145,0
DA:146,0
DA:147,0
DA:148,0
DA:150,0
DA:151,0
DA:154,0
DA:156,0
DA:157,0
DA:159,0
DA:161,0
DA:166,0
DA:167,0
DA:168,0
DA:176,23
DA:177,66
DA:179,7
DA:180,8
DA:181,0
DA:183,6
DA:188,0
DA:189,0
DA:194,24
DA:195,4
DA:200,24
DA:201,12
DA:209,24
DA:210,4
DA:211,87
DA:212,6
DA:219,24
DA:220,4
DA:221,59
DA:222,6
DA:227,0
DA:228,0
DA:232,0
DA:233,0
end_of_record

SF:/src/tests/echidna/Echidna_Lottery.sol
DA:12,100
DA:26,7
DA:27,50
DA:28,52
DA:29,52
DA:30,52
DA:36,7
DA:37,11
DA:38,24
DA:39,24
DA:40,14
DA:45,23
DA:46,73
DA:47,57
DA:53,25
DA:54,8
DA:55,77
DA:56,23
DA:57,66
DA:62,25
DA:63,8
DA:64,77
DA:66,86
DA:68,22
DA:69,66
DA:74,23
DA:75,74
DA:76,74
DA:77,141
DA:78,57
DA:83,0
DA:84,0
DA:85,0
DA:86,0
DA:87,0
DA:88,0
DA:89,0
DA:90,0
DA:92,0
DA:97,0
DA:98,0
DA:103,0
DA:104,0
DA:105,0
DA:106,0
DA:107,0
DA:108,0
DA:111,0
DA:116,0
DA:117,0
DA:119,0
DA:120,0
DA:121,0
DA:122,0
DA:125,0
DA:126,0
DA:127,0
DA:128,0
DA:131,0
DA:136,0
DA:137,0
DA:138,0
DA:139,0
DA:140,0
DA:141,0
DA:142,0
DA:143,0
DA:145,0
DA:150,0
DA:151,0
DA:152,0
DA:153,0
DA:154,0
DA:156,0
DA:161,0
DA:162,0
DA:163,0
DA:164,0
DA:166,0
DA:168,0
end_of_record

SF:/src/tests/echidna/LotteryHarness.sol
DA:11,115
DA:15,32
end_of_record

SF:/src/tests/echidna/TaxpayerHarness.sol
DA:9,115
DA:13,34
DA:17,0
DA:18,0
DA:23,0
DA:24,0
end_of_record

