TN:
SF:/src/contracts/Lottery.sol
DA:5,0
DA:18,0
DA:19,0
DA:20,0
DA:21,0
DA:22,0
DA:27,0
DA:28,0
DA:30,0
DA:32,0
DA:34,0
DA:38,0
DA:39,0
DA:40,0
DA:44,0
DA:45,0
DA:46,0
DA:47,0
DA:48,0
DA:53,0
DA:54,0
DA:55,0
DA:56,0
DA:57,0
DA:58,0
DA:59,0
DA:60,0
DA:61,0
DA:63,0
DA:64,0
end_of_record

SF:/src/contracts/Taxpayer.sol
DA:5,0
DA:19,2
DA:21,0
DA:30,2
DA:31,6
DA:32,21
DA:33,21
DA:34,21
DA:35,21
DA:36,6
DA:37,5
DA:38,21
DA:42,23
DA:43,10
DA:44,10
DA:45,38
DA:47,4
DA:49,63
DA:50,68
DA:52,21
DA:53,21
DA:55,52
DA:59,22
DA:60,10
DA:61,25
DA:62,38
DA:64,21
DA:65,21
DA:68,4
DA:69,12
DA:72,3
DA:73,7
DA:74,8
DA:75,0
DA:79,8
DA:80,24
DA:81,14
DA:82,4
DA:84,68
DA:86,21
DA:87,21
DA:89,9
DA:91,52
DA:93,0
DA:94,0
DA:95,0
DA:99,22
DA:100,10
DA:101,20
DA:103,21
DA:104,21
DA:106,9
DA:109,0
DA:110,0
DA:114,0
DA:115,0
DA:116,0
DA:117,0
DA:118,0
DA:120,0
DA:121,0
DA:124,0
DA:126,0
DA:127,0
DA:129,0
DA:131,0
DA:134,8
DA:135,18
DA:136,4
DA:140,0
DA:141,0
DA:143,0
DA:144,0
DA:145,0
DA:147,0
DA:151,24
DA:152,4
DA:156,0
DA:157,0
DA:161,0
DA:162,0
DA:163,0
DA:164,0
DA:168,0
DA:169,0
DA:170,0
DA:171,0
DA:175,24
DA:176,13
DA:179,24
DA:180,13
end_of_record

SF:/src/tests/echidna/Echidna_All.sol
DA:6,81
DA:10,7
DA:11,52
DA:12,52
DA:15,6
DA:16,14
DA:19,6
DA:20,42
DA:23,6
DA:24,47
DA:27,4
DA:28,105
DA:29,85
DA:30,69
DA:31,69
DA:34,25
DA:35,8
DA:36,8
DA:38,131
DA:39,141
DA:41,52
DA:44,24
DA:45,8
DA:46,65
DA:47,45
DA:50,24
DA:51,8
DA:52,8
DA:54,11
DA:55,68
DA:57,62
DA:58,66
DA:60,11
DA:62,0
DA:63,0
DA:65,0
DA:68,25
DA:69,8
DA:70,11
DA:71,22
DA:72,45
DA:76,0
DA:77,0
DA:80,0
DA:81,0
DA:82,0
DA:84,0
DA:85,0
DA:87,0
DA:90,0
DA:91,0
DA:92,0
DA:94,0
DA:95,0
DA:97,0
DA:100,0
DA:101,0
DA:102,0
DA:103,0
DA:106,0
DA:107,0
DA:109,0
DA:110,0
DA:111,0
end_of_record

SF:/src/tests/echidna/TaxpayerHarness.sol
DA:6,120
DA:7,34
DA:9,24
DA:10,13
DA:14,24
DA:15,13
DA:19,24
DA:20,4
end_of_record

