TN:
SF:/src/contracts/Lottery.sol
DA:5,0
DA:18,0
DA:19,0
DA:20,0
DA:21,0
DA:22,0
DA:27,0
DA:28,0
DA:30,0
DA:32,0
DA:34,0
DA:38,0
DA:39,0
DA:40,0
DA:44,0
DA:45,0
DA:46,0
DA:47,0
DA:48,0
DA:53,0
DA:54,0
DA:55,0
DA:56,0
DA:57,0
DA:58,0
DA:59,0
DA:60,0
DA:61,0
DA:63,0
DA:64,0
end_of_record

SF:/src/contracts/Taxpayer.sol
DA:5,0
DA:19,2
DA:21,2
DA:30,2
DA:31,6
DA:32,21
DA:33,21
DA:34,21
DA:35,21
DA:36,6
DA:37,5
DA:38,21
DA:42,23
DA:43,10
DA:44,29
DA:45,57
DA:47,4
DA:49,82
DA:50,68
DA:52,21
DA:53,21
DA:55,52
DA:59,22
DA:60,10
DA:61,25
DA:62,38
DA:64,21
DA:65,21
DA:68,4
DA:69,13
DA:72,3
DA:73,7
DA:74,8
DA:75,6
DA:79,8
DA:80,25
DA:81,14
DA:82,4
DA:84,68
DA:86,21
DA:87,21
DA:89,9
DA:91,52
DA:93,21
DA:94,21
DA:95,9
DA:99,22
DA:100,10
DA:101,20
DA:103,21
DA:104,21
DA:106,9
DA:109,0
DA:110,0
DA:114,23
DA:115,33
DA:116,20
DA:117,6
DA:118,8
DA:120,7
DA:121,33
DA:124,14
DA:126,62
DA:127,68
DA:129,19
DA:131,117
DA:134,8
DA:135,18
DA:136,4
DA:140,23
DA:141,66
DA:143,7
DA:144,10
DA:145,6
DA:147,6
DA:151,24
DA:152,4
DA:156,24
DA:157,12
DA:161,0
DA:162,0
DA:163,0
DA:164,0
DA:168,0
DA:169,0
DA:170,0
DA:171,0
DA:175,24
DA:176,13
DA:179,24
DA:180,13
end_of_record

SF:/src/tests/echidna/Echidna_Taxpayer_P3.sol
DA:6,70
DA:9,7
DA:10,22
DA:11,95
DA:17,6
DA:18,41
DA:23,25
DA:24,8
DA:25,8
DA:26,60
DA:30,23
DA:31,8
DA:32,45
DA:36,26
DA:37,8
DA:39,13
DA:40,10
DA:42,69
DA:43,60
DA:47,25
DA:48,8
DA:49,13
DA:50,22
DA:51,45
DA:57,0
DA:58,0
DA:59,0
DA:60,0
DA:61,0
DA:66,0
end_of_record

SF:/src/tests/echidna/TaxpayerHarness.sol
DA:6,135
DA:7,34
DA:9,0
DA:10,0
DA:14,0
DA:15,0
DA:19,0
DA:20,0
end_of_record

